[17:00:35] [main/INFO]: Extra: []
[17:00:35] [main/INFO]: Running with arguments: [--userProperties, {}, --assetsDir, /Users/senor/.gradle/caches/minecraft/assets, --assetIndex, 1.12, --accessToken{REDACTED}, --version, 1.12.2, --tweakClass, net.minecraftforge.fml.common.launcher.FMLTweaker, --tweakClass, net.minecraftforge.gradle.tweakers.CoremodTweaker]
[17:00:35] [main/INFO]: Loading tweak class name net.minecraftforge.fml.common.launcher.FMLTweaker
[17:00:35] [main/INFO]: Using primary tweak class name net.minecraftforge.fml.common.launcher.FMLTweaker
[17:00:35] [main/INFO]: Loading tweak class name net.minecraftforge.gradle.tweakers.CoremodTweaker
[17:00:35] [main/INFO]: Calling tweak class net.minecraftforge.fml.common.launcher.FMLTweaker
[17:00:35] [main/INFO]: Forge Mod Loader version 14.23.3.2669 for Minecraft 1.12.2 loading
[17:00:35] [main/INFO]: Java is Java HotSpot(TM) 64-Bit Server VM, version 1.8.0_162, running on Mac OS X:x86_64:10.13.4, installed at /Library/Java/JavaVirtualMachines/jdk1.8.0_162.jdk/Contents/Home/jre
[17:00:35] [main/ERROR]: Apache Maven library folder was not in the format expected: /Users/senor/.gradle/caches/modules-2/files-2.1/org.apache.maven/maven-artifact/3.5.3/7dc72b6d6d8a6dced3d294ed54c2cc3515ade9f4/maven-artifact-3.5.3.jar. Using default libraries directory.
[17:00:35] [main/INFO]: Managed to load a deobfuscated Minecraft name- we are in a deobfuscated environment. Skipping runtime deobfuscation
[17:00:35] [main/INFO]: Ignoring missing certificate for coremod FMLCorePlugin (net.minecraftforge.fml.relauncher.FMLCorePlugin), we are in deobf and it's a forge core plugin
[17:00:35] [main/INFO]: Ignoring missing certificate for coremod FMLForgePlugin (net.minecraftforge.classloading.FMLForgePlugin), we are in deobf and it's a forge core plugin
[17:00:35] [main/INFO]: Searching /Users/senor/eclipse-workspace/SenorsStuffMod/run/./mods for mods
[17:00:35] [main/INFO]: Calling tweak class net.minecraftforge.gradle.tweakers.CoremodTweaker
[17:00:35] [main/INFO]: Injecting location in coremod net.minecraftforge.fml.relauncher.FMLCorePlugin
[17:00:35] [main/INFO]: Injecting location in coremod net.minecraftforge.classloading.FMLForgePlugin
[17:00:35] [main/INFO]: Loading tweak class name net.minecraftforge.fml.common.launcher.FMLInjectionAndSortingTweaker
[17:00:35] [main/INFO]: Loading tweak class name net.minecraftforge.fml.common.launcher.FMLDeobfTweaker
[17:00:35] [main/INFO]: Loading tweak class name net.minecraftforge.gradle.tweakers.AccessTransformerTweaker
[17:00:35] [main/INFO]: Calling tweak class net.minecraftforge.fml.common.launcher.FMLInjectionAndSortingTweaker
[17:00:35] [main/INFO]: Calling tweak class net.minecraftforge.fml.common.launcher.FMLInjectionAndSortingTweaker
[17:00:35] [main/INFO]: Calling tweak class net.minecraftforge.fml.relauncher.CoreModManager$FMLPluginWrapper
[17:00:37] [main/ERROR]: FML appears to be missing any signature data. This is not a good thing
[17:00:37] [main/INFO]: Calling tweak class net.minecraftforge.fml.relauncher.CoreModManager$FMLPluginWrapper
[17:00:37] [main/INFO]: Calling tweak class net.minecraftforge.fml.common.launcher.FMLDeobfTweaker
[17:00:38] [main/INFO]: Calling tweak class net.minecraftforge.gradle.tweakers.AccessTransformerTweaker
[17:00:38] [main/INFO]: Loading tweak class name net.minecraftforge.fml.common.launcher.TerminalTweaker
[17:00:38] [main/INFO]: Calling tweak class net.minecraftforge.fml.common.launcher.TerminalTweaker
[17:00:38] [main/INFO]: Launching wrapped minecraft {net.minecraft.client.main.Main}
[17:00:39] [main/INFO]: Setting user: Player262
[17:00:45] [main/WARN]: Skipping bad option: lastServer:
[17:00:45] [main/INFO]: LWJGL Version: 2.9.2
[17:00:46] [main/INFO]: -- System Details --
Details:
	Minecraft Version: 1.12.2
	Operating System: Mac OS X (x86_64) version 10.13.4
	Java Version: 1.8.0_162, Oracle Corporation
	Java VM Version: Java HotSpot(TM) 64-Bit Server VM (mixed mode), Oracle Corporation
	Memory: 379816648 bytes (362 MB) / 530579456 bytes (506 MB) up to 1908932608 bytes (1820 MB)
	JVM Flags: 0 total; 
	IntCache: cache: 0, tcache: 0, allocated: 0, tallocated: 0
	FML: 
	Loaded coremods (and transformers): 
	GL info: ' Vendor: 'Intel Inc.' Version: '2.1 INTEL-10.32.48' Renderer: 'Intel(R) HD Graphics 6000'
[17:00:46] [main/INFO]: MinecraftForge v14.23.3.2669 Initialized
[17:00:46] [main/INFO]: Starts to replace vanilla recipe ingredients with ore ingredients.
[17:00:46] [main/INFO]: Replaced 1036 ore ingredients
[17:00:46] [main/INFO]: Searching /Users/senor/eclipse-workspace/SenorsStuffMod/run/./mods for mods
[17:00:48] [main/INFO]: Forge Mod Loader has identified 5 mods to load
[17:00:48] [main/INFO]: The game window is being closed by the player, exiting.
[17:00:48] [main/WARN]: Java has been asked to exit (code 0)
[17:00:48] [main/WARN]: Exit trace:
[17:00:48] [main/WARN]: 	net.minecraftforge.fml.common.LoadController.transition(LoadController.java:158)
[17:00:48] [main/WARN]: 	net.minecraftforge.fml.common.Loader.loadMods(Loader.java:602)
[17:00:48] [main/WARN]: 	net.minecraftforge.fml.client.FMLClientHandler.beginMinecraftLoading(FMLClientHandler.java:231)
[17:00:48] [main/WARN]: 	net.minecraft.client.Minecraft.init(Minecraft.java:466)
[17:00:48] [main/WARN]: 	net.minecraft.client.Minecraft.run(Minecraft.java:377)
[17:00:48] [main/WARN]: 	net.minecraft.client.main.Main.main(SourceFile:123)
[17:00:48] [main/WARN]: 	sun.reflect.NativeMethodAccessorImpl.invoke0(Native Method)
[17:00:48] [main/WARN]: 	sun.reflect.NativeMethodAccessorImpl.invoke(NativeMethodAccessorImpl.java:62)
[17:00:48] [main/WARN]: 	sun.reflect.DelegatingMethodAccessorImpl.invoke(DelegatingMethodAccessorImpl.java:43)
[17:00:48] [main/WARN]: 	java.lang.reflect.Method.invoke(Method.java:498)
[17:00:48] [main/WARN]: 	net.minecraft.launchwrapper.Launch.launch(Launch.java:135)
[17:00:48] [main/WARN]: 	net.minecraft.launchwrapper.Launch.main(Launch.java:28)
[17:00:48] [main/WARN]: 	sun.reflect.NativeMethodAccessorImpl.invoke0(Native Method)
[17:00:48] [main/WARN]: 	sun.reflect.NativeMethodAccessorImpl.invoke(NativeMethodAccessorImpl.java:62)
[17:00:48] [main/WARN]: 	sun.reflect.DelegatingMethodAccessorImpl.invoke(DelegatingMethodAccessorImpl.java:43)
[17:00:48] [main/WARN]: 	java.lang.reflect.Method.invoke(Method.java:498)
[17:00:48] [main/WARN]: 	net.minecraftforge.gradle.GradleStartCommon.launch(GradleStartCommon.java:97)
[17:00:48] [main/WARN]: 	GradleStart.main(GradleStart.java:25)
